<!DOCTYPE html>
<html>
<head>
<meta http-equiv="Content-Type" content="text/html; charset=utf-8"/>
<meta http-equiv="x-ua-compatible" content="IE=edge"/>
<title>Test results - Class mavlc.testing.OutputCompareTest</title>
<link href="../css/base-style.css" rel="stylesheet" type="text/css"/>
<link href="../css/style.css" rel="stylesheet" type="text/css"/>
<script src="../js/report.js" type="text/javascript"></script>
</head>
<body>
<div id="content">
<h1>Class mavlc.testing.OutputCompareTest</h1>
<div class="breadcrumbs">
<a href="../index.html">all</a> &gt; 
<a href="../packages/mavlc.testing.html">mavlc.testing</a> &gt; OutputCompareTest</div>
<div id="summary">
<table>
<tr>
<td>
<div class="summaryGroup">
<table>
<tr>
<td>
<div class="infoBox" id="tests">
<div class="counter">20</div>
<p>tests</p>
</div>
</td>
<td>
<div class="infoBox" id="failures">
<div class="counter">2</div>
<p>failures</p>
</div>
</td>
<td>
<div class="infoBox" id="ignored">
<div class="counter">0</div>
<p>ignored</p>
</div>
</td>
<td>
<div class="infoBox" id="duration">
<div class="counter">0.360s</div>
<p>duration</p>
</div>
</td>
</tr>
</table>
</div>
</td>
<td>
<div class="infoBox failures" id="successRate">
<div class="percent">90%</div>
<p>successful</p>
</div>
</td>
</tr>
</table>
</div>
<div id="tabs">
<ul class="tabLinks">
<li>
<a href="#tab0">Failed tests</a>
</li>
<li>
<a href="#tab1">Tests</a>
</li>
<li>
<a href="#tab2">Standard output</a>
</li>
</ul>
<div id="tab0" class="tab">
<h2>Failed tests</h2>
<div class="test">
<a name="test[p3_public/task_4/record_lhs_out_2]"></a>
<h3 class="failures">test[p3_public/task_4/record_lhs_out_2]</h3>
<span class="code">
<pre>java.lang.AssertionError: 
Resulting output does not match reference:
Reference:
4

The program has finished successfully.

Output:
1

The program has finished successfully.


	at org.junit.Assert.fail(Assert.java:89)
	at mavlc.testing.OutputCompareTest.run(OutputCompareTest.java:52)
	at mavlc.testing.BaseCompareTest.test(BaseCompareTest.java:56)
	at java.base/jdk.internal.reflect.DirectMethodHandleAccessor.invoke(DirectMethodHandleAccessor.java:103)
	at java.base/java.lang.reflect.Method.invoke(Method.java:580)
	at org.junit.runners.model.FrameworkMethod$1.runReflectiveCall(FrameworkMethod.java:59)
	at org.junit.internal.runners.model.ReflectiveCallable.run(ReflectiveCallable.java:12)
	at org.junit.runners.model.FrameworkMethod.invokeExplosively(FrameworkMethod.java:56)
	at org.junit.internal.runners.statements.InvokeMethod.evaluate(InvokeMethod.java:17)
	at org.junit.internal.runners.statements.FailOnTimeout$CallableStatement.call(FailOnTimeout.java:288)
	at org.junit.internal.runners.statements.FailOnTimeout$CallableStatement.call(FailOnTimeout.java:282)
	at java.base/java.util.concurrent.FutureTask.run(FutureTask.java:317)
	at java.base/java.lang.Thread.run(Thread.java:1583)
</pre>
</span>
</div>
<div class="test">
<a name="test[p3_public/task_6/record_select_out_4]"></a>
<h3 class="failures">test[p3_public/task_6/record_select_out_4]</h3>
<span class="code">
<pre>java.lang.AssertionError: 
Resulting output does not match reference:
Reference:
3
2
5
-1

The program has finished successfully.

Output:
2
3
6
0
2
3
6
0
2
3
5
1

The program has finished successfully.


	at org.junit.Assert.fail(Assert.java:89)
	at mavlc.testing.OutputCompareTest.run(OutputCompareTest.java:52)
	at mavlc.testing.BaseCompareTest.test(BaseCompareTest.java:56)
	at java.base/jdk.internal.reflect.DirectMethodHandleAccessor.invoke(DirectMethodHandleAccessor.java:103)
	at java.base/java.lang.reflect.Method.invoke(Method.java:580)
	at org.junit.runners.model.FrameworkMethod$1.runReflectiveCall(FrameworkMethod.java:59)
	at org.junit.internal.runners.model.ReflectiveCallable.run(ReflectiveCallable.java:12)
	at org.junit.runners.model.FrameworkMethod.invokeExplosively(FrameworkMethod.java:56)
	at org.junit.internal.runners.statements.InvokeMethod.evaluate(InvokeMethod.java:17)
	at org.junit.internal.runners.statements.FailOnTimeout$CallableStatement.call(FailOnTimeout.java:288)
	at org.junit.internal.runners.statements.FailOnTimeout$CallableStatement.call(FailOnTimeout.java:282)
	at java.base/java.util.concurrent.FutureTask.run(FutureTask.java:317)
	at java.base/java.lang.Thread.run(Thread.java:1583)
</pre>
</span>
</div>
</div>
<div id="tab1" class="tab">
<h2>Tests</h2>
<table>
<thead>
<tr>
<th>Test</th>
<th>Duration</th>
<th>Result</th>
</tr>
</thead>
<tr>
<td class="success">test[p3_public/task_1/fibonacci]</td>
<td class="success">0.017s</td>
<td class="success">passed</td>
</tr>
<tr>
<td class="success">test[p3_public/task_1/gcd]</td>
<td class="success">0.016s</td>
<td class="success">passed</td>
</tr>
<tr>
<td class="success">test[p3_public/task_2/matrix_mul_out_1]</td>
<td class="success">0.014s</td>
<td class="success">passed</td>
</tr>
<tr>
<td class="success">test[p3_public/task_3/compound_out_1]</td>
<td class="success">0.013s</td>
<td class="success">passed</td>
</tr>
<tr>
<td class="success">test[p3_public/task_3/compound_out_3]</td>
<td class="success">0.011s</td>
<td class="success">passed</td>
</tr>
<tr>
<td class="success">test[p3_public/task_4/lhs_out_3]</td>
<td class="success">0.011s</td>
<td class="success">passed</td>
</tr>
<tr>
<td class="success">test[p3_public/task_4/lhs_out_4]</td>
<td class="success">0.012s</td>
<td class="success">passed</td>
</tr>
<tr>
<td class="success">test[p3_public/task_4/matrix_lhs_out_2]</td>
<td class="success">0.016s</td>
<td class="success">passed</td>
</tr>
<tr>
<td class="failures">test[p3_public/task_4/record_lhs_out_2]</td>
<td class="failures">0.012s</td>
<td class="failures">failed</td>
</tr>
<tr>
<td class="success">test[p3_public/task_4/vector_lhs_out_1]</td>
<td class="success">0.012s</td>
<td class="success">passed</td>
</tr>
<tr>
<td class="success">test[p3_public/task_5/foreach_out_3]</td>
<td class="success">0.015s</td>
<td class="success">passed</td>
</tr>
<tr>
<td class="success">test[p3_public/task_5/foreach_out_6]</td>
<td class="success">0.016s</td>
<td class="success">passed</td>
</tr>
<tr>
<td class="success">test[p3_public/task_5/foreach_out_7]</td>
<td class="success">0.014s</td>
<td class="success">passed</td>
</tr>
<tr>
<td class="success">test[p3_public/task_6/record_select_out_2]</td>
<td class="success">0.013s</td>
<td class="success">passed</td>
</tr>
<tr>
<td class="failures">test[p3_public/task_6/record_select_out_4]</td>
<td class="failures">0.040s</td>
<td class="failures">failed</td>
</tr>
<tr>
<td class="success">test[p3_public/task_6/record_select_out_5]</td>
<td class="success">0.028s</td>
<td class="success">passed</td>
</tr>
<tr>
<td class="success">test[p3_public/task_7/elem_sel_out_3]</td>
<td class="success">0.011s</td>
<td class="success">passed</td>
</tr>
<tr>
<td class="success">test[p3_public/task_7/elem_sel_out_4]</td>
<td class="success">0.064s</td>
<td class="success">passed</td>
</tr>
<tr>
<td class="success">test[p3_public/task_7/elem_sel_out_6]</td>
<td class="success">0.013s</td>
<td class="success">passed</td>
</tr>
<tr>
<td class="success">test[p3_public/task_7/elem_sel_out_7]</td>
<td class="success">0.012s</td>
<td class="success">passed</td>
</tr>
</table>
</div>
<div id="tab2" class="tab">
<h2>Standard output</h2>
<span class="code">
<pre>=== Running test case p3_public/task_7/elem_sel_out_4 ===


The program has finished with an error: runtimeError
Error message: Index out of bounds
Output:

The program has finished with an error: runtimeError
Error message: Index out of bounds


=== Test case p3_public/task_7/elem_sel_out_4 finished successfully ===

=== Running test case p3_public/task_7/elem_sel_out_3 ===

2
3

The program has finished with an error: runtimeError
Error message: Index out of bounds
Output:
2
3

The program has finished with an error: runtimeError
Error message: Index out of bounds


=== Test case p3_public/task_7/elem_sel_out_3 finished successfully ===

=== Running test case p3_public/task_7/elem_sel_out_6 ===


The program has finished with an error: runtimeError
Error message: Index out of bounds
Output:

The program has finished with an error: runtimeError
Error message: Index out of bounds


=== Test case p3_public/task_7/elem_sel_out_6 finished successfully ===

=== Running test case p3_public/task_7/elem_sel_out_7 ===


The program has finished with an error: runtimeError
Error message: Index out of bounds
Output:

The program has finished with an error: runtimeError
Error message: Index out of bounds


=== Test case p3_public/task_7/elem_sel_out_7 finished successfully ===

=== Running test case p3_public/task_6/record_select_out_5 ===

1/2

The program has finished successfully.
Output:
1/2

The program has finished successfully.


=== Test case p3_public/task_6/record_select_out_5 finished successfully ===

=== Running test case p3_public/task_6/record_select_out_4 ===

2
3
6
0
2
3
6
0
2
3
5
1

The program has finished successfully.
=== Running test case p3_public/task_6/record_select_out_2 ===

4

The program has finished successfully.
Output:
4

The program has finished successfully.


=== Test case p3_public/task_6/record_select_out_2 finished successfully ===

=== Running test case p3_public/task_1/gcd ===

2

The program has finished successfully.
Output:
2

The program has finished successfully.


=== Test case p3_public/task_1/gcd finished successfully ===

=== Running test case p3_public/task_1/fibonacci ===

55

The program has finished successfully.
Output:
55

The program has finished successfully.


=== Test case p3_public/task_1/fibonacci finished successfully ===

=== Running test case p3_public/task_4/record_lhs_out_2 ===

1

The program has finished successfully.
=== Running test case p3_public/task_4/matrix_lhs_out_2 ===

15

The program has finished successfully.
Output:
15

The program has finished successfully.


=== Test case p3_public/task_4/matrix_lhs_out_2 finished successfully ===

=== Running test case p3_public/task_4/lhs_out_3 ===


The program has finished with an error: runtimeError
Error message: Index out of bounds
Output:

The program has finished with an error: runtimeError
Error message: Index out of bounds


=== Test case p3_public/task_4/lhs_out_3 finished successfully ===

=== Running test case p3_public/task_4/lhs_out_4 ===

4.0

The program has finished successfully.
Output:
4.0

The program has finished successfully.


=== Test case p3_public/task_4/lhs_out_4 finished successfully ===

=== Running test case p3_public/task_4/vector_lhs_out_1 ===


The program has finished with an error: runtimeError
Error message: Index out of bounds
Output:

The program has finished with an error: runtimeError
Error message: Index out of bounds


=== Test case p3_public/task_4/vector_lhs_out_1 finished successfully ===

=== Running test case p3_public/task_3/compound_out_1 ===

Start!
1. compound statement
2. compound statement
The program has finished successfully.
Output:
Start!
1. compound statement
2. compound statement
The program has finished successfully.


=== Test case p3_public/task_3/compound_out_1 finished successfully ===

=== Running test case p3_public/task_3/compound_out_3 ===

Start!
a: 42

The program has finished successfully.
Output:
Start!
a: 42

The program has finished successfully.


=== Test case p3_public/task_3/compound_out_3 finished successfully ===

=== Running test case p3_public/task_2/matrix_mul_out_1 ===

5

The program has finished successfully.
Output:
5

The program has finished successfully.


=== Test case p3_public/task_2/matrix_mul_out_1 finished successfully ===

=== Running test case p3_public/task_5/foreach_out_3 ===

14
22
26
21
33
39
35
55
65

The program has finished successfully.
Output:
14
22
26
21
33
39
35
55
65

The program has finished successfully.


=== Test case p3_public/task_5/foreach_out_3 finished successfully ===

=== Running test case p3_public/task_5/foreach_out_6 ===

0
1
1
2
3
5
8
13
21
34
55
89
144
233
377
610

The program has finished successfully.
Output:
0
1
1
2
3
5
8
13
21
34
55
89
144
233
377
610

The program has finished successfully.


=== Test case p3_public/task_5/foreach_out_6 finished successfully ===

=== Running test case p3_public/task_5/foreach_out_7 ===

4.0
-1.3333334
0.8
-0.5714286
0.44444445
-0.36363637
0.30769232
-0.26666668
0.23529412
-0.21052632
0.1904762
-0.17391305
0.16
-0.14814815
0.13793103
-0.12903225
0.121212125
-0.114285715
0.10810811
-0.102564104
3.0916238

The program has finished successfully.
Output:
4.0
-1.3333334
0.8
-0.5714286
0.44444445
-0.36363637
0.30769232
-0.26666668
0.23529412
-0.21052632
0.1904762
-0.17391305
0.16
-0.14814815
0.13793103
-0.12903225
0.121212125
-0.114285715
0.10810811
-0.102564104
3.0916238

The program has finished successfully.


=== Test case p3_public/task_5/foreach_out_7 finished successfully ===

</pre>
</span>
</div>
</div>
<div id="footer">
<p>
<div>
<label class="hidden" id="label-for-line-wrapping-toggle" for="line-wrapping-toggle">Wrap lines
<input id="line-wrapping-toggle" type="checkbox" autocomplete="off"/>
</label>
</div>Generated by 
<a href="http://www.gradle.org">Gradle 8.5</a> at 02.02.2026, 15:23:30</p>
</div>
</div>
</body>
</html>
