<?xml version="1.0" encoding="UTF-8"?>
<testsuite name="mavlc.testing.ErrorCompareTest" tests="3" skipped="0" failures="1" errors="0" timestamp="2026-02-15T17:36:09" hostname="MacBook-Pro-von-Niclas.local" time="0.022">
  <properties/>
  <testcase name="test[p1_public/task_6/return_err_1]" classname="mavlc.testing.ErrorCompareTest" time="0.009"/>
  <testcase name="test[p1_public/task_4/bool_err_1]" classname="mavlc.testing.ErrorCompareTest" time="0.005">
    <failure message="java.lang.AssertionError: Error thrown by the compiler does not match the expectation!&#10;&#10;Expected error: &#10;  &#10;  Syntax error in line 2, column 17:&#10;  &gt; Got token &lt;id 'a'&gt; but expected rparen.&#10;&#10;Error thrown by compiler:&#10;  &#10;  Syntax error in line 2, column 17:&#10;  &gt; Got token &lt;id 'a'&gt; but expected lparen.&#10;&#10;Original stack trace:&#10;  mavlc.parsing.Parser.accept(Parser.java:190)&#10;  mavlc.parsing.Parser.parseSwitch(Parser.java:551)&#10;  mavlc.parsing.Parser.parseStatement(Parser.java:381)&#10;  mavlc.parsing.Parser.parseFunction(Parser.java:223)&#10;  mavlc.parsing.Parser.parse(Parser.java:175)&#10;  mavlc.Pipeline.lambda$parseProgramImpl$0(Pipeline.java:215)&#10;  java.base/java.security.AccessController.doPrivileged(AccessController.java:399)&#10;  mavlc.Pipeline.parseProgramImpl(Pipeline.java:213)&#10;  mavlc.Pipeline.parseProgram(Pipeline.java:90)&#10;  mavlc.testing.ErrorCompareTest.run(ErrorCompareTest.java:42)&#10;  mavlc.testing.BaseCompareTest.test(BaseCompareTest.java:56)&#10;  jdk.internal.reflect.GeneratedMethodAccessor2.invoke(Unknown Source)&#10;  java.base/jdk.internal.reflect.DelegatingMethodAccessorImpl.invoke(DelegatingMethodAccessorImpl.java:43)&#10;  java.base/java.lang.reflect.Method.invoke(Method.java:569)&#10;" type="java.lang.AssertionError">java.lang.AssertionError: Error thrown by the compiler does not match the expectation!

Expected error: 
  
  Syntax error in line 2, column 17:
  &gt; Got token &lt;id 'a'&gt; but expected rparen.

Error thrown by compiler:
  
  Syntax error in line 2, column 17:
  &gt; Got token &lt;id 'a'&gt; but expected lparen.

Original stack trace:
  mavlc.parsing.Parser.accept(Parser.java:190)
  mavlc.parsing.Parser.parseSwitch(Parser.java:551)
  mavlc.parsing.Parser.parseStatement(Parser.java:381)
  mavlc.parsing.Parser.parseFunction(Parser.java:223)
  mavlc.parsing.Parser.parse(Parser.java:175)
  mavlc.Pipeline.lambda$parseProgramImpl$0(Pipeline.java:215)
  java.base/java.security.AccessController.doPrivileged(AccessController.java:399)
  mavlc.Pipeline.parseProgramImpl(Pipeline.java:213)
  mavlc.Pipeline.parseProgram(Pipeline.java:90)
  mavlc.testing.ErrorCompareTest.run(ErrorCompareTest.java:42)
  mavlc.testing.BaseCompareTest.test(BaseCompareTest.java:56)
  jdk.internal.reflect.GeneratedMethodAccessor2.invoke(Unknown Source)
  java.base/jdk.internal.reflect.DelegatingMethodAccessorImpl.invoke(DelegatingMethodAccessorImpl.java:43)
  java.base/java.lang.reflect.Method.invoke(Method.java:569)

	at org.junit.Assert.fail(Assert.java:89)
	at mavlc.testing.ErrorCompareTest.run(ErrorCompareTest.java:66)
	at mavlc.testing.BaseCompareTest.test(BaseCompareTest.java:56)
	at jdk.internal.reflect.GeneratedMethodAccessor2.invoke(Unknown Source)
	at java.base/jdk.internal.reflect.DelegatingMethodAccessorImpl.invoke(DelegatingMethodAccessorImpl.java:43)
	at java.base/java.lang.reflect.Method.invoke(Method.java:569)
	at org.junit.runners.model.FrameworkMethod$1.runReflectiveCall(FrameworkMethod.java:59)
	at org.junit.internal.runners.model.ReflectiveCallable.run(ReflectiveCallable.java:12)
	at org.junit.runners.model.FrameworkMethod.invokeExplosively(FrameworkMethod.java:56)
	at org.junit.internal.runners.statements.InvokeMethod.evaluate(InvokeMethod.java:17)
	at org.junit.internal.runners.statements.FailOnTimeout$CallableStatement.call(FailOnTimeout.java:288)
	at org.junit.internal.runners.statements.FailOnTimeout$CallableStatement.call(FailOnTimeout.java:282)
	at java.base/java.util.concurrent.FutureTask.run(FutureTask.java:264)
	at java.base/java.lang.Thread.run(Thread.java:840)
</failure>
  </testcase>
  <testcase name="test[p1_public/task_2/arith_err_1]" classname="mavlc.testing.ErrorCompareTest" time="0.008"/>
  <system-out><![CDATA[=== Running test case p1_public/task_6/return_err_1 ===


=== Test case p1_public/task_6/return_err_1 finished successfully ===

=== Running test case p1_public/task_4/bool_err_1 ===

=== Running test case p1_public/task_2/arith_err_1 ===


=== Test case p1_public/task_2/arith_err_1 finished successfully ===

]]></system-out>
  <system-err><![CDATA[]]></system-err>
</testsuite>
