<?xml version="1.0" encoding="UTF-8"?>
<testsuite name="mavlc.testing.OutputCompareTest" tests="20" skipped="0" failures="20" errors="0" timestamp="2025-12-13T21:44:03" hostname="x1184.vpn.hrz.tu-darmstadt.de" time="0.121">
  <properties/>
  <testcase name="test[p3_public/task_7/elem_sel_out_4]" classname="mavlc.testing.OutputCompareTest" time="0.028">
    <failure message="java.lang.UnsupportedOperationException" type="java.lang.UnsupportedOperationException">java.lang.UnsupportedOperationException
	at mavlc.codegen.tam.CodeGenerator.visitIntValue(CodeGenerator.java:934)
	at mavlc.codegen.tam.CodeGenerator.visitIntValue(CodeGenerator.java:34)
	at mavlc.syntax.expression.IntValue.accept(IntValue.java:40)
	at mavlc.syntax.AstNode.accept(AstNode.java:46)
	at mavlc.codegen.tam.CodeGenerator.visit(CodeGenerator.java:56)
	at mavlc.codegen.tam.CodeGenerator.visitUnaryMinus(CodeGenerator.java:719)
	at mavlc.codegen.tam.CodeGenerator.visitUnaryMinus(CodeGenerator.java:34)
	at mavlc.syntax.expression.UnaryMinus.accept(UnaryMinus.java:32)
	at mavlc.syntax.AstNode.accept(AstNode.java:46)
	at mavlc.codegen.tam.CodeGenerator.visit(CodeGenerator.java:56)
	at mavlc.codegen.tam.CodeGenerator.visitElementSelect(CodeGenerator.java:754)
	at mavlc.codegen.tam.CodeGenerator.visitElementSelect(CodeGenerator.java:34)
	at mavlc.syntax.expression.ElementSelect.accept(ElementSelect.java:41)
	at mavlc.syntax.AstNode.accept(AstNode.java:46)
	at mavlc.codegen.tam.CodeGenerator.visit(CodeGenerator.java:56)
	at mavlc.codegen.tam.CodeGenerator.visitElementSelect(CodeGenerator.java:750)
	at mavlc.codegen.tam.CodeGenerator.visitElementSelect(CodeGenerator.java:34)
	at mavlc.syntax.expression.ElementSelect.accept(ElementSelect.java:41)
	at mavlc.syntax.AstNode.accept(AstNode.java:46)
	at mavlc.codegen.tam.CodeGenerator.visit(CodeGenerator.java:56)
	at java.base/java.util.ArrayList.forEach(ArrayList.java:1511)
	at mavlc.codegen.tam.CodeGenerator.visitCallExpression(CodeGenerator.java:736)
	at mavlc.codegen.tam.CodeGenerator.visitCallExpression(CodeGenerator.java:34)
	at mavlc.syntax.expression.CallExpression.accept(CallExpression.java:69)
	at mavlc.syntax.AstNode.accept(AstNode.java:46)
	at mavlc.codegen.tam.CodeGenerator.visit(CodeGenerator.java:56)
	at mavlc.codegen.tam.CodeGenerator.visitCallStatement(CodeGenerator.java:315)
	at mavlc.codegen.tam.CodeGenerator.visitCallStatement(CodeGenerator.java:34)
	at mavlc.syntax.statement.CallStatement.accept(CallStatement.java:38)
	at mavlc.syntax.AstNode.accept(AstNode.java:46)
	at mavlc.codegen.tam.CodeGenerator.visit(CodeGenerator.java:56)
	at java.base/java.util.ArrayList.forEach(ArrayList.java:1511)
	at mavlc.codegen.tam.CodeGenerator.visitFunction(CodeGenerator.java:80)
	at mavlc.codegen.tam.CodeGenerator.visitFunction(CodeGenerator.java:34)
	at mavlc.syntax.function.Function.accept(Function.java:134)
	at mavlc.syntax.AstNode.accept(AstNode.java:46)
	at mavlc.codegen.tam.CodeGenerator.visit(CodeGenerator.java:56)
	at java.base/java.util.ArrayList.forEach(ArrayList.java:1511)
	at mavlc.codegen.tam.CodeGenerator.visitModule(CodeGenerator.java:63)
	at mavlc.codegen.tam.CodeGenerator.visitModule(CodeGenerator.java:34)
	at mavlc.syntax.module.Module.accept(Module.java:45)
	at mavlc.syntax.AstNode.accept(AstNode.java:46)
	at mavlc.Pipeline.lambda$compileProgramImpl$2(Pipeline.java:255)
	at java.base/java.security.AccessController.doPrivileged(AccessController.java:399)
	at mavlc.Pipeline.compileProgramImpl(Pipeline.java:253)
	at mavlc.Pipeline.compileProgram(Pipeline.java:158)
	at mavlc.testing.OutputCompareTest.run(OutputCompareTest.java:42)
	at mavlc.testing.BaseCompareTest.test(BaseCompareTest.java:56)
	at java.base/jdk.internal.reflect.NativeMethodAccessorImpl.invoke0(Native Method)
	at java.base/jdk.internal.reflect.NativeMethodAccessorImpl.invoke(NativeMethodAccessorImpl.java:77)
	at java.base/jdk.internal.reflect.DelegatingMethodAccessorImpl.invoke(DelegatingMethodAccessorImpl.java:43)
	at java.base/java.lang.reflect.Method.invoke(Method.java:569)
	at org.junit.runners.model.FrameworkMethod$1.runReflectiveCall(FrameworkMethod.java:59)
	at org.junit.internal.runners.model.ReflectiveCallable.run(ReflectiveCallable.java:12)
	at org.junit.runners.model.FrameworkMethod.invokeExplosively(FrameworkMethod.java:56)
	at org.junit.internal.runners.statements.InvokeMethod.evaluate(InvokeMethod.java:17)
	at org.junit.internal.runners.statements.FailOnTimeout$CallableStatement.call(FailOnTimeout.java:288)
	at org.junit.internal.runners.statements.FailOnTimeout$CallableStatement.call(FailOnTimeout.java:282)
	at java.base/java.util.concurrent.FutureTask.run(FutureTask.java:264)
	at java.base/java.lang.Thread.run(Thread.java:840)
</failure>
  </testcase>
  <testcase name="test[p3_public/task_7/elem_sel_out_3]" classname="mavlc.testing.OutputCompareTest" time="0.005">
    <failure message="java.lang.UnsupportedOperationException" type="java.lang.UnsupportedOperationException">java.lang.UnsupportedOperationException
	at mavlc.codegen.tam.CodeGenerator.visitIntValue(CodeGenerator.java:934)
	at mavlc.codegen.tam.CodeGenerator.visitIntValue(CodeGenerator.java:34)
	at mavlc.syntax.expression.IntValue.accept(IntValue.java:40)
	at mavlc.syntax.AstNode.accept(AstNode.java:46)
	at mavlc.codegen.tam.CodeGenerator.visit(CodeGenerator.java:56)
	at java.base/java.util.ArrayList.forEach(ArrayList.java:1511)
	at mavlc.codegen.tam.CodeGenerator.visitStructureInit(CodeGenerator.java:915)
	at mavlc.codegen.tam.CodeGenerator.visitStructureInit(CodeGenerator.java:34)
	at mavlc.syntax.expression.StructureInit.accept(StructureInit.java:39)
	at mavlc.syntax.AstNode.accept(AstNode.java:46)
	at mavlc.codegen.tam.CodeGenerator.visit(CodeGenerator.java:56)
	at mavlc.codegen.tam.CodeGenerator.visitValueDefinition(CodeGenerator.java:90)
	at mavlc.codegen.tam.CodeGenerator.visitValueDefinition(CodeGenerator.java:34)
	at mavlc.syntax.statement.ValueDefinition.accept(ValueDefinition.java:46)
	at mavlc.syntax.AstNode.accept(AstNode.java:46)
	at mavlc.codegen.tam.CodeGenerator.visit(CodeGenerator.java:56)
	at java.base/java.util.ArrayList.forEach(ArrayList.java:1511)
	at mavlc.codegen.tam.CodeGenerator.visitFunction(CodeGenerator.java:80)
	at mavlc.codegen.tam.CodeGenerator.visitFunction(CodeGenerator.java:34)
	at mavlc.syntax.function.Function.accept(Function.java:134)
	at mavlc.syntax.AstNode.accept(AstNode.java:46)
	at mavlc.codegen.tam.CodeGenerator.visit(CodeGenerator.java:56)
	at java.base/java.util.ArrayList.forEach(ArrayList.java:1511)
	at mavlc.codegen.tam.CodeGenerator.visitModule(CodeGenerator.java:63)
	at mavlc.codegen.tam.CodeGenerator.visitModule(CodeGenerator.java:34)
	at mavlc.syntax.module.Module.accept(Module.java:45)
	at mavlc.syntax.AstNode.accept(AstNode.java:46)
	at mavlc.Pipeline.lambda$compileProgramImpl$2(Pipeline.java:255)
	at java.base/java.security.AccessController.doPrivileged(AccessController.java:399)
	at mavlc.Pipeline.compileProgramImpl(Pipeline.java:253)
	at mavlc.Pipeline.compileProgram(Pipeline.java:158)
	at mavlc.testing.OutputCompareTest.run(OutputCompareTest.java:42)
	at mavlc.testing.BaseCompareTest.test(BaseCompareTest.java:56)
	at java.base/jdk.internal.reflect.NativeMethodAccessorImpl.invoke0(Native Method)
	at java.base/jdk.internal.reflect.NativeMethodAccessorImpl.invoke(NativeMethodAccessorImpl.java:77)
	at java.base/jdk.internal.reflect.DelegatingMethodAccessorImpl.invoke(DelegatingMethodAccessorImpl.java:43)
	at java.base/java.lang.reflect.Method.invoke(Method.java:569)
	at org.junit.runners.model.FrameworkMethod$1.runReflectiveCall(FrameworkMethod.java:59)
	at org.junit.internal.runners.model.ReflectiveCallable.run(ReflectiveCallable.java:12)
	at org.junit.runners.model.FrameworkMethod.invokeExplosively(FrameworkMethod.java:56)
	at org.junit.internal.runners.statements.InvokeMethod.evaluate(InvokeMethod.java:17)
	at org.junit.internal.runners.statements.FailOnTimeout$CallableStatement.call(FailOnTimeout.java:288)
	at org.junit.internal.runners.statements.FailOnTimeout$CallableStatement.call(FailOnTimeout.java:282)
	at java.base/java.util.concurrent.FutureTask.run(FutureTask.java:264)
	at java.base/java.lang.Thread.run(Thread.java:840)
</failure>
  </testcase>
  <testcase name="test[p3_public/task_7/elem_sel_out_6]" classname="mavlc.testing.OutputCompareTest" time="0.005">
    <failure message="java.lang.UnsupportedOperationException" type="java.lang.UnsupportedOperationException">java.lang.UnsupportedOperationException
	at mavlc.codegen.tam.CodeGenerator.visitIntValue(CodeGenerator.java:934)
	at mavlc.codegen.tam.CodeGenerator.visitIntValue(CodeGenerator.java:34)
	at mavlc.syntax.expression.IntValue.accept(IntValue.java:40)
	at mavlc.syntax.AstNode.accept(AstNode.java:46)
	at mavlc.codegen.tam.CodeGenerator.visit(CodeGenerator.java:56)
	at mavlc.codegen.tam.CodeGenerator.visitElementSelect(CodeGenerator.java:754)
	at mavlc.codegen.tam.CodeGenerator.visitElementSelect(CodeGenerator.java:34)
	at mavlc.syntax.expression.ElementSelect.accept(ElementSelect.java:41)
	at mavlc.syntax.AstNode.accept(AstNode.java:46)
	at mavlc.codegen.tam.CodeGenerator.visit(CodeGenerator.java:56)
	at mavlc.codegen.tam.CodeGenerator.visitElementSelect(CodeGenerator.java:750)
	at mavlc.codegen.tam.CodeGenerator.visitElementSelect(CodeGenerator.java:34)
	at mavlc.syntax.expression.ElementSelect.accept(ElementSelect.java:41)
	at mavlc.syntax.AstNode.accept(AstNode.java:46)
	at mavlc.codegen.tam.CodeGenerator.visit(CodeGenerator.java:56)
	at java.base/java.util.ArrayList.forEach(ArrayList.java:1511)
	at mavlc.codegen.tam.CodeGenerator.visitCallExpression(CodeGenerator.java:736)
	at mavlc.codegen.tam.CodeGenerator.visitCallExpression(CodeGenerator.java:34)
	at mavlc.syntax.expression.CallExpression.accept(CallExpression.java:69)
	at mavlc.syntax.AstNode.accept(AstNode.java:46)
	at mavlc.codegen.tam.CodeGenerator.visit(CodeGenerator.java:56)
	at mavlc.codegen.tam.CodeGenerator.visitCallStatement(CodeGenerator.java:315)
	at mavlc.codegen.tam.CodeGenerator.visitCallStatement(CodeGenerator.java:34)
	at mavlc.syntax.statement.CallStatement.accept(CallStatement.java:38)
	at mavlc.syntax.AstNode.accept(AstNode.java:46)
	at mavlc.codegen.tam.CodeGenerator.visit(CodeGenerator.java:56)
	at java.base/java.util.ArrayList.forEach(ArrayList.java:1511)
	at mavlc.codegen.tam.CodeGenerator.visitFunction(CodeGenerator.java:80)
	at mavlc.codegen.tam.CodeGenerator.visitFunction(CodeGenerator.java:34)
	at mavlc.syntax.function.Function.accept(Function.java:134)
	at mavlc.syntax.AstNode.accept(AstNode.java:46)
	at mavlc.codegen.tam.CodeGenerator.visit(CodeGenerator.java:56)
	at java.base/java.util.ArrayList.forEach(ArrayList.java:1511)
	at mavlc.codegen.tam.CodeGenerator.visitModule(CodeGenerator.java:63)
	at mavlc.codegen.tam.CodeGenerator.visitModule(CodeGenerator.java:34)
	at mavlc.syntax.module.Module.accept(Module.java:45)
	at mavlc.syntax.AstNode.accept(AstNode.java:46)
	at mavlc.Pipeline.lambda$compileProgramImpl$2(Pipeline.java:255)
	at java.base/java.security.AccessController.doPrivileged(AccessController.java:399)
	at mavlc.Pipeline.compileProgramImpl(Pipeline.java:253)
	at mavlc.Pipeline.compileProgram(Pipeline.java:158)
	at mavlc.testing.OutputCompareTest.run(OutputCompareTest.java:42)
	at mavlc.testing.BaseCompareTest.test(BaseCompareTest.java:56)
	at java.base/jdk.internal.reflect.NativeMethodAccessorImpl.invoke0(Native Method)
	at java.base/jdk.internal.reflect.NativeMethodAccessorImpl.invoke(NativeMethodAccessorImpl.java:77)
	at java.base/jdk.internal.reflect.DelegatingMethodAccessorImpl.invoke(DelegatingMethodAccessorImpl.java:43)
	at java.base/java.lang.reflect.Method.invoke(Method.java:569)
	at org.junit.runners.model.FrameworkMethod$1.runReflectiveCall(FrameworkMethod.java:59)
	at org.junit.internal.runners.model.ReflectiveCallable.run(ReflectiveCallable.java:12)
	at org.junit.runners.model.FrameworkMethod.invokeExplosively(FrameworkMethod.java:56)
	at org.junit.internal.runners.statements.InvokeMethod.evaluate(InvokeMethod.java:17)
	at org.junit.internal.runners.statements.FailOnTimeout$CallableStatement.call(FailOnTimeout.java:288)
	at org.junit.internal.runners.statements.FailOnTimeout$CallableStatement.call(FailOnTimeout.java:282)
	at java.base/java.util.concurrent.FutureTask.run(FutureTask.java:264)
	at java.base/java.lang.Thread.run(Thread.java:840)
</failure>
  </testcase>
  <testcase name="test[p3_public/task_7/elem_sel_out_7]" classname="mavlc.testing.OutputCompareTest" time="0.005">
    <failure message="java.lang.UnsupportedOperationException" type="java.lang.UnsupportedOperationException">java.lang.UnsupportedOperationException
	at mavlc.codegen.tam.CodeGenerator.visitIntValue(CodeGenerator.java:934)
	at mavlc.codegen.tam.CodeGenerator.visitIntValue(CodeGenerator.java:34)
	at mavlc.syntax.expression.IntValue.accept(IntValue.java:40)
	at mavlc.syntax.AstNode.accept(AstNode.java:46)
	at mavlc.codegen.tam.CodeGenerator.visit(CodeGenerator.java:56)
	at mavlc.codegen.tam.CodeGenerator.visitElementSelect(CodeGenerator.java:754)
	at mavlc.codegen.tam.CodeGenerator.visitElementSelect(CodeGenerator.java:34)
	at mavlc.syntax.expression.ElementSelect.accept(ElementSelect.java:41)
	at mavlc.syntax.AstNode.accept(AstNode.java:46)
	at mavlc.codegen.tam.CodeGenerator.visit(CodeGenerator.java:56)
	at mavlc.codegen.tam.CodeGenerator.visitElementSelect(CodeGenerator.java:750)
	at mavlc.codegen.tam.CodeGenerator.visitElementSelect(CodeGenerator.java:34)
	at mavlc.syntax.expression.ElementSelect.accept(ElementSelect.java:41)
	at mavlc.syntax.AstNode.accept(AstNode.java:46)
	at mavlc.codegen.tam.CodeGenerator.visit(CodeGenerator.java:56)
	at java.base/java.util.ArrayList.forEach(ArrayList.java:1511)
	at mavlc.codegen.tam.CodeGenerator.visitCallExpression(CodeGenerator.java:736)
	at mavlc.codegen.tam.CodeGenerator.visitCallExpression(CodeGenerator.java:34)
	at mavlc.syntax.expression.CallExpression.accept(CallExpression.java:69)
	at mavlc.syntax.AstNode.accept(AstNode.java:46)
	at mavlc.codegen.tam.CodeGenerator.visit(CodeGenerator.java:56)
	at mavlc.codegen.tam.CodeGenerator.visitCallStatement(CodeGenerator.java:315)
	at mavlc.codegen.tam.CodeGenerator.visitCallStatement(CodeGenerator.java:34)
	at mavlc.syntax.statement.CallStatement.accept(CallStatement.java:38)
	at mavlc.syntax.AstNode.accept(AstNode.java:46)
	at mavlc.codegen.tam.CodeGenerator.visit(CodeGenerator.java:56)
	at java.base/java.util.ArrayList.forEach(ArrayList.java:1511)
	at mavlc.codegen.tam.CodeGenerator.visitFunction(CodeGenerator.java:80)
	at mavlc.codegen.tam.CodeGenerator.visitFunction(CodeGenerator.java:34)
	at mavlc.syntax.function.Function.accept(Function.java:134)
	at mavlc.syntax.AstNode.accept(AstNode.java:46)
	at mavlc.codegen.tam.CodeGenerator.visit(CodeGenerator.java:56)
	at java.base/java.util.ArrayList.forEach(ArrayList.java:1511)
	at mavlc.codegen.tam.CodeGenerator.visitModule(CodeGenerator.java:63)
	at mavlc.codegen.tam.CodeGenerator.visitModule(CodeGenerator.java:34)
	at mavlc.syntax.module.Module.accept(Module.java:45)
	at mavlc.syntax.AstNode.accept(AstNode.java:46)
	at mavlc.Pipeline.lambda$compileProgramImpl$2(Pipeline.java:255)
	at java.base/java.security.AccessController.doPrivileged(AccessController.java:399)
	at mavlc.Pipeline.compileProgramImpl(Pipeline.java:253)
	at mavlc.Pipeline.compileProgram(Pipeline.java:158)
	at mavlc.testing.OutputCompareTest.run(OutputCompareTest.java:42)
	at mavlc.testing.BaseCompareTest.test(BaseCompareTest.java:56)
	at java.base/jdk.internal.reflect.NativeMethodAccessorImpl.invoke0(Native Method)
	at java.base/jdk.internal.reflect.NativeMethodAccessorImpl.invoke(NativeMethodAccessorImpl.java:77)
	at java.base/jdk.internal.reflect.DelegatingMethodAccessorImpl.invoke(DelegatingMethodAccessorImpl.java:43)
	at java.base/java.lang.reflect.Method.invoke(Method.java:569)
	at org.junit.runners.model.FrameworkMethod$1.runReflectiveCall(FrameworkMethod.java:59)
	at org.junit.internal.runners.model.ReflectiveCallable.run(ReflectiveCallable.java:12)
	at org.junit.runners.model.FrameworkMethod.invokeExplosively(FrameworkMethod.java:56)
	at org.junit.internal.runners.statements.InvokeMethod.evaluate(InvokeMethod.java:17)
	at org.junit.internal.runners.statements.FailOnTimeout$CallableStatement.call(FailOnTimeout.java:288)
	at org.junit.internal.runners.statements.FailOnTimeout$CallableStatement.call(FailOnTimeout.java:282)
	at java.base/java.util.concurrent.FutureTask.run(FutureTask.java:264)
	at java.base/java.lang.Thread.run(Thread.java:840)
</failure>
  </testcase>
  <testcase name="test[p3_public/task_6/record_select_out_5]" classname="mavlc.testing.OutputCompareTest" time="0.007">
    <failure message="java.lang.UnsupportedOperationException" type="java.lang.UnsupportedOperationException">java.lang.UnsupportedOperationException
	at mavlc.codegen.tam.CodeGenerator.visitDivision(CodeGenerator.java:661)
	at mavlc.codegen.tam.CodeGenerator.visitDivision(CodeGenerator.java:34)
	at mavlc.syntax.expression.Division.accept(Division.java:34)
	at mavlc.syntax.AstNode.accept(AstNode.java:46)
	at mavlc.codegen.tam.CodeGenerator.visit(CodeGenerator.java:56)
	at java.base/java.util.ArrayList.forEach(ArrayList.java:1511)
	at mavlc.codegen.tam.CodeGenerator.visitStructureInit(CodeGenerator.java:915)
	at mavlc.codegen.tam.CodeGenerator.visitStructureInit(CodeGenerator.java:34)
	at mavlc.syntax.AstNodeBaseVisitor.visitRecordInit(AstNodeBaseVisitor.java:113)
	at mavlc.syntax.expression.RecordInit.accept(RecordInit.java:40)
	at mavlc.syntax.AstNode.accept(AstNode.java:46)
	at mavlc.codegen.tam.CodeGenerator.visit(CodeGenerator.java:56)
	at mavlc.codegen.tam.CodeGenerator.visitReturnStatement(CodeGenerator.java:327)
	at mavlc.codegen.tam.CodeGenerator.visitReturnStatement(CodeGenerator.java:34)
	at mavlc.syntax.statement.ReturnStatement.accept(ReturnStatement.java:38)
	at mavlc.syntax.AstNode.accept(AstNode.java:46)
	at mavlc.codegen.tam.CodeGenerator.visit(CodeGenerator.java:56)
	at java.base/java.util.ArrayList.forEach(ArrayList.java:1511)
	at mavlc.codegen.tam.CodeGenerator.visitFunction(CodeGenerator.java:80)
	at mavlc.codegen.tam.CodeGenerator.visitFunction(CodeGenerator.java:34)
	at mavlc.syntax.function.Function.accept(Function.java:134)
	at mavlc.syntax.AstNode.accept(AstNode.java:46)
	at mavlc.codegen.tam.CodeGenerator.visit(CodeGenerator.java:56)
	at java.base/java.util.ArrayList.forEach(ArrayList.java:1511)
	at mavlc.codegen.tam.CodeGenerator.visitModule(CodeGenerator.java:63)
	at mavlc.codegen.tam.CodeGenerator.visitModule(CodeGenerator.java:34)
	at mavlc.syntax.module.Module.accept(Module.java:45)
	at mavlc.syntax.AstNode.accept(AstNode.java:46)
	at mavlc.Pipeline.lambda$compileProgramImpl$2(Pipeline.java:255)
	at java.base/java.security.AccessController.doPrivileged(AccessController.java:399)
	at mavlc.Pipeline.compileProgramImpl(Pipeline.java:253)
	at mavlc.Pipeline.compileProgram(Pipeline.java:158)
	at mavlc.testing.OutputCompareTest.run(OutputCompareTest.java:42)
	at mavlc.testing.BaseCompareTest.test(BaseCompareTest.java:56)
	at java.base/jdk.internal.reflect.NativeMethodAccessorImpl.invoke0(Native Method)
	at java.base/jdk.internal.reflect.NativeMethodAccessorImpl.invoke(NativeMethodAccessorImpl.java:77)
	at java.base/jdk.internal.reflect.DelegatingMethodAccessorImpl.invoke(DelegatingMethodAccessorImpl.java:43)
	at java.base/java.lang.reflect.Method.invoke(Method.java:569)
	at org.junit.runners.model.FrameworkMethod$1.runReflectiveCall(FrameworkMethod.java:59)
	at org.junit.internal.runners.model.ReflectiveCallable.run(ReflectiveCallable.java:12)
	at org.junit.runners.model.FrameworkMethod.invokeExplosively(FrameworkMethod.java:56)
	at org.junit.internal.runners.statements.InvokeMethod.evaluate(InvokeMethod.java:17)
	at org.junit.internal.runners.statements.FailOnTimeout$CallableStatement.call(FailOnTimeout.java:288)
	at org.junit.internal.runners.statements.FailOnTimeout$CallableStatement.call(FailOnTimeout.java:282)
	at java.base/java.util.concurrent.FutureTask.run(FutureTask.java:264)
	at java.base/java.lang.Thread.run(Thread.java:840)
</failure>
  </testcase>
  <testcase name="test[p3_public/task_6/record_select_out_4]" classname="mavlc.testing.OutputCompareTest" time="0.005">
    <failure message="java.lang.UnsupportedOperationException" type="java.lang.UnsupportedOperationException">java.lang.UnsupportedOperationException
	at mavlc.codegen.tam.CodeGenerator.visitVariableAssignment(CodeGenerator.java:113)
	at mavlc.codegen.tam.CodeGenerator.visitVariableAssignment(CodeGenerator.java:34)
	at mavlc.syntax.statement.VariableAssignment.accept(VariableAssignment.java:41)
	at mavlc.syntax.AstNode.accept(AstNode.java:46)
	at mavlc.codegen.tam.CodeGenerator.visit(CodeGenerator.java:56)
	at java.base/java.util.ArrayList.forEach(ArrayList.java:1511)
	at mavlc.codegen.tam.CodeGenerator.visitFunction(CodeGenerator.java:80)
	at mavlc.codegen.tam.CodeGenerator.visitFunction(CodeGenerator.java:34)
	at mavlc.syntax.function.Function.accept(Function.java:134)
	at mavlc.syntax.AstNode.accept(AstNode.java:46)
	at mavlc.codegen.tam.CodeGenerator.visit(CodeGenerator.java:56)
	at java.base/java.util.ArrayList.forEach(ArrayList.java:1511)
	at mavlc.codegen.tam.CodeGenerator.visitModule(CodeGenerator.java:63)
	at mavlc.codegen.tam.CodeGenerator.visitModule(CodeGenerator.java:34)
	at mavlc.syntax.module.Module.accept(Module.java:45)
	at mavlc.syntax.AstNode.accept(AstNode.java:46)
	at mavlc.Pipeline.lambda$compileProgramImpl$2(Pipeline.java:255)
	at java.base/java.security.AccessController.doPrivileged(AccessController.java:399)
	at mavlc.Pipeline.compileProgramImpl(Pipeline.java:253)
	at mavlc.Pipeline.compileProgram(Pipeline.java:158)
	at mavlc.testing.OutputCompareTest.run(OutputCompareTest.java:42)
	at mavlc.testing.BaseCompareTest.test(BaseCompareTest.java:56)
	at java.base/jdk.internal.reflect.NativeMethodAccessorImpl.invoke0(Native Method)
	at java.base/jdk.internal.reflect.NativeMethodAccessorImpl.invoke(NativeMethodAccessorImpl.java:77)
	at java.base/jdk.internal.reflect.DelegatingMethodAccessorImpl.invoke(DelegatingMethodAccessorImpl.java:43)
	at java.base/java.lang.reflect.Method.invoke(Method.java:569)
	at org.junit.runners.model.FrameworkMethod$1.runReflectiveCall(FrameworkMethod.java:59)
	at org.junit.internal.runners.model.ReflectiveCallable.run(ReflectiveCallable.java:12)
	at org.junit.runners.model.FrameworkMethod.invokeExplosively(FrameworkMethod.java:56)
	at org.junit.internal.runners.statements.InvokeMethod.evaluate(InvokeMethod.java:17)
	at org.junit.internal.runners.statements.FailOnTimeout$CallableStatement.call(FailOnTimeout.java:288)
	at org.junit.internal.runners.statements.FailOnTimeout$CallableStatement.call(FailOnTimeout.java:282)
	at java.base/java.util.concurrent.FutureTask.run(FutureTask.java:264)
	at java.base/java.lang.Thread.run(Thread.java:840)
</failure>
  </testcase>
  <testcase name="test[p3_public/task_6/record_select_out_2]" classname="mavlc.testing.OutputCompareTest" time="0.004">
    <failure message="java.lang.UnsupportedOperationException" type="java.lang.UnsupportedOperationException">java.lang.UnsupportedOperationException
	at mavlc.codegen.tam.CodeGenerator.visitVariableAssignment(CodeGenerator.java:113)
	at mavlc.codegen.tam.CodeGenerator.visitVariableAssignment(CodeGenerator.java:34)
	at mavlc.syntax.statement.VariableAssignment.accept(VariableAssignment.java:41)
	at mavlc.syntax.AstNode.accept(AstNode.java:46)
	at mavlc.codegen.tam.CodeGenerator.visit(CodeGenerator.java:56)
	at java.base/java.util.ArrayList.forEach(ArrayList.java:1511)
	at mavlc.codegen.tam.CodeGenerator.visitFunction(CodeGenerator.java:80)
	at mavlc.codegen.tam.CodeGenerator.visitFunction(CodeGenerator.java:34)
	at mavlc.syntax.function.Function.accept(Function.java:134)
	at mavlc.syntax.AstNode.accept(AstNode.java:46)
	at mavlc.codegen.tam.CodeGenerator.visit(CodeGenerator.java:56)
	at java.base/java.util.ArrayList.forEach(ArrayList.java:1511)
	at mavlc.codegen.tam.CodeGenerator.visitModule(CodeGenerator.java:63)
	at mavlc.codegen.tam.CodeGenerator.visitModule(CodeGenerator.java:34)
	at mavlc.syntax.module.Module.accept(Module.java:45)
	at mavlc.syntax.AstNode.accept(AstNode.java:46)
	at mavlc.Pipeline.lambda$compileProgramImpl$2(Pipeline.java:255)
	at java.base/java.security.AccessController.doPrivileged(AccessController.java:399)
	at mavlc.Pipeline.compileProgramImpl(Pipeline.java:253)
	at mavlc.Pipeline.compileProgram(Pipeline.java:158)
	at mavlc.testing.OutputCompareTest.run(OutputCompareTest.java:42)
	at mavlc.testing.BaseCompareTest.test(BaseCompareTest.java:56)
	at java.base/jdk.internal.reflect.NativeMethodAccessorImpl.invoke0(Native Method)
	at java.base/jdk.internal.reflect.NativeMethodAccessorImpl.invoke(NativeMethodAccessorImpl.java:77)
	at java.base/jdk.internal.reflect.DelegatingMethodAccessorImpl.invoke(DelegatingMethodAccessorImpl.java:43)
	at java.base/java.lang.reflect.Method.invoke(Method.java:569)
	at org.junit.runners.model.FrameworkMethod$1.runReflectiveCall(FrameworkMethod.java:59)
	at org.junit.internal.runners.model.ReflectiveCallable.run(ReflectiveCallable.java:12)
	at org.junit.runners.model.FrameworkMethod.invokeExplosively(FrameworkMethod.java:56)
	at org.junit.internal.runners.statements.InvokeMethod.evaluate(InvokeMethod.java:17)
	at org.junit.internal.runners.statements.FailOnTimeout$CallableStatement.call(FailOnTimeout.java:288)
	at org.junit.internal.runners.statements.FailOnTimeout$CallableStatement.call(FailOnTimeout.java:282)
	at java.base/java.util.concurrent.FutureTask.run(FutureTask.java:264)
	at java.base/java.lang.Thread.run(Thread.java:840)
</failure>
  </testcase>
  <testcase name="test[p3_public/task_1/gcd]" classname="mavlc.testing.OutputCompareTest" time="0.005">
    <failure message="java.lang.UnsupportedOperationException" type="java.lang.UnsupportedOperationException">java.lang.UnsupportedOperationException
	at mavlc.codegen.tam.CodeGenerator.visitCompare(CodeGenerator.java:673)
	at mavlc.codegen.tam.CodeGenerator.visitCompare(CodeGenerator.java:34)
	at mavlc.syntax.expression.Compare.accept(Compare.java:37)
	at mavlc.syntax.AstNode.accept(AstNode.java:46)
	at mavlc.codegen.tam.CodeGenerator.visit(CodeGenerator.java:56)
	at mavlc.codegen.tam.CodeGenerator.visitIfStatement(CodeGenerator.java:283)
	at mavlc.codegen.tam.CodeGenerator.visitIfStatement(CodeGenerator.java:34)
	at mavlc.syntax.statement.IfStatement.accept(IfStatement.java:61)
	at mavlc.syntax.AstNode.accept(AstNode.java:46)
	at mavlc.codegen.tam.CodeGenerator.visit(CodeGenerator.java:56)
	at java.base/java.util.ArrayList.forEach(ArrayList.java:1511)
	at mavlc.codegen.tam.CodeGenerator.visitFunction(CodeGenerator.java:80)
	at mavlc.codegen.tam.CodeGenerator.visitFunction(CodeGenerator.java:34)
	at mavlc.syntax.function.Function.accept(Function.java:134)
	at mavlc.syntax.AstNode.accept(AstNode.java:46)
	at mavlc.codegen.tam.CodeGenerator.visit(CodeGenerator.java:56)
	at java.base/java.util.ArrayList.forEach(ArrayList.java:1511)
	at mavlc.codegen.tam.CodeGenerator.visitModule(CodeGenerator.java:63)
	at mavlc.codegen.tam.CodeGenerator.visitModule(CodeGenerator.java:34)
	at mavlc.syntax.module.Module.accept(Module.java:45)
	at mavlc.syntax.AstNode.accept(AstNode.java:46)
	at mavlc.Pipeline.lambda$compileProgramImpl$2(Pipeline.java:255)
	at java.base/java.security.AccessController.doPrivileged(AccessController.java:399)
	at mavlc.Pipeline.compileProgramImpl(Pipeline.java:253)
	at mavlc.Pipeline.compileProgram(Pipeline.java:158)
	at mavlc.testing.OutputCompareTest.run(OutputCompareTest.java:42)
	at mavlc.testing.BaseCompareTest.test(BaseCompareTest.java:56)
	at java.base/jdk.internal.reflect.NativeMethodAccessorImpl.invoke0(Native Method)
	at java.base/jdk.internal.reflect.NativeMethodAccessorImpl.invoke(NativeMethodAccessorImpl.java:77)
	at java.base/jdk.internal.reflect.DelegatingMethodAccessorImpl.invoke(DelegatingMethodAccessorImpl.java:43)
	at java.base/java.lang.reflect.Method.invoke(Method.java:569)
	at org.junit.runners.model.FrameworkMethod$1.runReflectiveCall(FrameworkMethod.java:59)
	at org.junit.internal.runners.model.ReflectiveCallable.run(ReflectiveCallable.java:12)
	at org.junit.runners.model.FrameworkMethod.invokeExplosively(FrameworkMethod.java:56)
	at org.junit.internal.runners.statements.InvokeMethod.evaluate(InvokeMethod.java:17)
	at org.junit.internal.runners.statements.FailOnTimeout$CallableStatement.call(FailOnTimeout.java:288)
	at org.junit.internal.runners.statements.FailOnTimeout$CallableStatement.call(FailOnTimeout.java:282)
	at java.base/java.util.concurrent.FutureTask.run(FutureTask.java:264)
	at java.base/java.lang.Thread.run(Thread.java:840)
</failure>
  </testcase>
  <testcase name="test[p3_public/task_1/fibonacci]" classname="mavlc.testing.OutputCompareTest" time="0.005">
    <failure message="java.lang.UnsupportedOperationException" type="java.lang.UnsupportedOperationException">java.lang.UnsupportedOperationException
	at mavlc.codegen.tam.CodeGenerator.visitCompare(CodeGenerator.java:673)
	at mavlc.codegen.tam.CodeGenerator.visitCompare(CodeGenerator.java:34)
	at mavlc.syntax.expression.Compare.accept(Compare.java:37)
	at mavlc.syntax.AstNode.accept(AstNode.java:46)
	at mavlc.codegen.tam.CodeGenerator.visit(CodeGenerator.java:56)
	at mavlc.codegen.tam.CodeGenerator.visitOr(CodeGenerator.java:684)
	at mavlc.codegen.tam.CodeGenerator.visitOr(CodeGenerator.java:34)
	at mavlc.syntax.expression.Or.accept(Or.java:33)
	at mavlc.syntax.AstNode.accept(AstNode.java:46)
	at mavlc.codegen.tam.CodeGenerator.visit(CodeGenerator.java:56)
	at mavlc.codegen.tam.CodeGenerator.visitIfStatement(CodeGenerator.java:283)
	at mavlc.codegen.tam.CodeGenerator.visitIfStatement(CodeGenerator.java:34)
	at mavlc.syntax.statement.IfStatement.accept(IfStatement.java:61)
	at mavlc.syntax.AstNode.accept(AstNode.java:46)
	at mavlc.codegen.tam.CodeGenerator.visit(CodeGenerator.java:56)
	at java.base/java.util.ArrayList.forEach(ArrayList.java:1511)
	at mavlc.codegen.tam.CodeGenerator.visitFunction(CodeGenerator.java:80)
	at mavlc.codegen.tam.CodeGenerator.visitFunction(CodeGenerator.java:34)
	at mavlc.syntax.function.Function.accept(Function.java:134)
	at mavlc.syntax.AstNode.accept(AstNode.java:46)
	at mavlc.codegen.tam.CodeGenerator.visit(CodeGenerator.java:56)
	at java.base/java.util.ArrayList.forEach(ArrayList.java:1511)
	at mavlc.codegen.tam.CodeGenerator.visitModule(CodeGenerator.java:63)
	at mavlc.codegen.tam.CodeGenerator.visitModule(CodeGenerator.java:34)
	at mavlc.syntax.module.Module.accept(Module.java:45)
	at mavlc.syntax.AstNode.accept(AstNode.java:46)
	at mavlc.Pipeline.lambda$compileProgramImpl$2(Pipeline.java:255)
	at java.base/java.security.AccessController.doPrivileged(AccessController.java:399)
	at mavlc.Pipeline.compileProgramImpl(Pipeline.java:253)
	at mavlc.Pipeline.compileProgram(Pipeline.java:158)
	at mavlc.testing.OutputCompareTest.run(OutputCompareTest.java:42)
	at mavlc.testing.BaseCompareTest.test(BaseCompareTest.java:56)
	at java.base/jdk.internal.reflect.NativeMethodAccessorImpl.invoke0(Native Method)
	at java.base/jdk.internal.reflect.NativeMethodAccessorImpl.invoke(NativeMethodAccessorImpl.java:77)
	at java.base/jdk.internal.reflect.DelegatingMethodAccessorImpl.invoke(DelegatingMethodAccessorImpl.java:43)
	at java.base/java.lang.reflect.Method.invoke(Method.java:569)
	at org.junit.runners.model.FrameworkMethod$1.runReflectiveCall(FrameworkMethod.java:59)
	at org.junit.internal.runners.model.ReflectiveCallable.run(ReflectiveCallable.java:12)
	at org.junit.runners.model.FrameworkMethod.invokeExplosively(FrameworkMethod.java:56)
	at org.junit.internal.runners.statements.InvokeMethod.evaluate(InvokeMethod.java:17)
	at org.junit.internal.runners.statements.FailOnTimeout$CallableStatement.call(FailOnTimeout.java:288)
	at org.junit.internal.runners.statements.FailOnTimeout$CallableStatement.call(FailOnTimeout.java:282)
	at java.base/java.util.concurrent.FutureTask.run(FutureTask.java:264)
	at java.base/java.lang.Thread.run(Thread.java:840)
</failure>
  </testcase>
  <testcase name="test[p3_public/task_4/record_lhs_out_2]" classname="mavlc.testing.OutputCompareTest" time="0.004">
    <failure message="java.lang.UnsupportedOperationException" type="java.lang.UnsupportedOperationException">java.lang.UnsupportedOperationException
	at mavlc.codegen.tam.CodeGenerator.visitVariableAssignment(CodeGenerator.java:113)
	at mavlc.codegen.tam.CodeGenerator.visitVariableAssignment(CodeGenerator.java:34)
	at mavlc.syntax.statement.VariableAssignment.accept(VariableAssignment.java:41)
	at mavlc.syntax.AstNode.accept(AstNode.java:46)
	at mavlc.codegen.tam.CodeGenerator.visit(CodeGenerator.java:56)
	at java.base/java.util.ArrayList.forEach(ArrayList.java:1511)
	at mavlc.codegen.tam.CodeGenerator.visitFunction(CodeGenerator.java:80)
	at mavlc.codegen.tam.CodeGenerator.visitFunction(CodeGenerator.java:34)
	at mavlc.syntax.function.Function.accept(Function.java:134)
	at mavlc.syntax.AstNode.accept(AstNode.java:46)
	at mavlc.codegen.tam.CodeGenerator.visit(CodeGenerator.java:56)
	at java.base/java.util.ArrayList.forEach(ArrayList.java:1511)
	at mavlc.codegen.tam.CodeGenerator.visitModule(CodeGenerator.java:63)
	at mavlc.codegen.tam.CodeGenerator.visitModule(CodeGenerator.java:34)
	at mavlc.syntax.module.Module.accept(Module.java:45)
	at mavlc.syntax.AstNode.accept(AstNode.java:46)
	at mavlc.Pipeline.lambda$compileProgramImpl$2(Pipeline.java:255)
	at java.base/java.security.AccessController.doPrivileged(AccessController.java:399)
	at mavlc.Pipeline.compileProgramImpl(Pipeline.java:253)
	at mavlc.Pipeline.compileProgram(Pipeline.java:158)
	at mavlc.testing.OutputCompareTest.run(OutputCompareTest.java:42)
	at mavlc.testing.BaseCompareTest.test(BaseCompareTest.java:56)
	at java.base/jdk.internal.reflect.NativeMethodAccessorImpl.invoke0(Native Method)
	at java.base/jdk.internal.reflect.NativeMethodAccessorImpl.invoke(NativeMethodAccessorImpl.java:77)
	at java.base/jdk.internal.reflect.DelegatingMethodAccessorImpl.invoke(DelegatingMethodAccessorImpl.java:43)
	at java.base/java.lang.reflect.Method.invoke(Method.java:569)
	at org.junit.runners.model.FrameworkMethod$1.runReflectiveCall(FrameworkMethod.java:59)
	at org.junit.internal.runners.model.ReflectiveCallable.run(ReflectiveCallable.java:12)
	at org.junit.runners.model.FrameworkMethod.invokeExplosively(FrameworkMethod.java:56)
	at org.junit.internal.runners.statements.InvokeMethod.evaluate(InvokeMethod.java:17)
	at org.junit.internal.runners.statements.FailOnTimeout$CallableStatement.call(FailOnTimeout.java:288)
	at org.junit.internal.runners.statements.FailOnTimeout$CallableStatement.call(FailOnTimeout.java:282)
	at java.base/java.util.concurrent.FutureTask.run(FutureTask.java:264)
	at java.base/java.lang.Thread.run(Thread.java:840)
</failure>
  </testcase>
  <testcase name="test[p3_public/task_4/matrix_lhs_out_2]" classname="mavlc.testing.OutputCompareTest" time="0.005">
    <failure message="java.lang.UnsupportedOperationException" type="java.lang.UnsupportedOperationException">java.lang.UnsupportedOperationException
	at mavlc.codegen.tam.CodeGenerator.visitVariableAssignment(CodeGenerator.java:113)
	at mavlc.codegen.tam.CodeGenerator.visitVariableAssignment(CodeGenerator.java:34)
	at mavlc.syntax.statement.VariableAssignment.accept(VariableAssignment.java:41)
	at mavlc.syntax.AstNode.accept(AstNode.java:46)
	at mavlc.codegen.tam.CodeGenerator.visit(CodeGenerator.java:56)
	at java.base/java.util.ArrayList.forEach(ArrayList.java:1511)
	at mavlc.codegen.tam.CodeGenerator.visitFunction(CodeGenerator.java:80)
	at mavlc.codegen.tam.CodeGenerator.visitFunction(CodeGenerator.java:34)
	at mavlc.syntax.function.Function.accept(Function.java:134)
	at mavlc.syntax.AstNode.accept(AstNode.java:46)
	at mavlc.codegen.tam.CodeGenerator.visit(CodeGenerator.java:56)
	at java.base/java.util.ArrayList.forEach(ArrayList.java:1511)
	at mavlc.codegen.tam.CodeGenerator.visitModule(CodeGenerator.java:63)
	at mavlc.codegen.tam.CodeGenerator.visitModule(CodeGenerator.java:34)
	at mavlc.syntax.module.Module.accept(Module.java:45)
	at mavlc.syntax.AstNode.accept(AstNode.java:46)
	at mavlc.Pipeline.lambda$compileProgramImpl$2(Pipeline.java:255)
	at java.base/java.security.AccessController.doPrivileged(AccessController.java:399)
	at mavlc.Pipeline.compileProgramImpl(Pipeline.java:253)
	at mavlc.Pipeline.compileProgram(Pipeline.java:158)
	at mavlc.testing.OutputCompareTest.run(OutputCompareTest.java:42)
	at mavlc.testing.BaseCompareTest.test(BaseCompareTest.java:56)
	at java.base/jdk.internal.reflect.NativeMethodAccessorImpl.invoke0(Native Method)
	at java.base/jdk.internal.reflect.NativeMethodAccessorImpl.invoke(NativeMethodAccessorImpl.java:77)
	at java.base/jdk.internal.reflect.DelegatingMethodAccessorImpl.invoke(DelegatingMethodAccessorImpl.java:43)
	at java.base/java.lang.reflect.Method.invoke(Method.java:569)
	at org.junit.runners.model.FrameworkMethod$1.runReflectiveCall(FrameworkMethod.java:59)
	at org.junit.internal.runners.model.ReflectiveCallable.run(ReflectiveCallable.java:12)
	at org.junit.runners.model.FrameworkMethod.invokeExplosively(FrameworkMethod.java:56)
	at org.junit.internal.runners.statements.InvokeMethod.evaluate(InvokeMethod.java:17)
	at org.junit.internal.runners.statements.FailOnTimeout$CallableStatement.call(FailOnTimeout.java:288)
	at org.junit.internal.runners.statements.FailOnTimeout$CallableStatement.call(FailOnTimeout.java:282)
	at java.base/java.util.concurrent.FutureTask.run(FutureTask.java:264)
	at java.base/java.lang.Thread.run(Thread.java:840)
</failure>
  </testcase>
  <testcase name="test[p3_public/task_4/lhs_out_3]" classname="mavlc.testing.OutputCompareTest" time="0.004">
    <failure message="java.lang.UnsupportedOperationException" type="java.lang.UnsupportedOperationException">java.lang.UnsupportedOperationException
	at mavlc.codegen.tam.CodeGenerator.visitVariableAssignment(CodeGenerator.java:113)
	at mavlc.codegen.tam.CodeGenerator.visitVariableAssignment(CodeGenerator.java:34)
	at mavlc.syntax.statement.VariableAssignment.accept(VariableAssignment.java:41)
	at mavlc.syntax.AstNode.accept(AstNode.java:46)
	at mavlc.codegen.tam.CodeGenerator.visit(CodeGenerator.java:56)
	at java.base/java.util.ArrayList.forEach(ArrayList.java:1511)
	at mavlc.codegen.tam.CodeGenerator.visitFunction(CodeGenerator.java:80)
	at mavlc.codegen.tam.CodeGenerator.visitFunction(CodeGenerator.java:34)
	at mavlc.syntax.function.Function.accept(Function.java:134)
	at mavlc.syntax.AstNode.accept(AstNode.java:46)
	at mavlc.codegen.tam.CodeGenerator.visit(CodeGenerator.java:56)
	at java.base/java.util.ArrayList.forEach(ArrayList.java:1511)
	at mavlc.codegen.tam.CodeGenerator.visitModule(CodeGenerator.java:63)
	at mavlc.codegen.tam.CodeGenerator.visitModule(CodeGenerator.java:34)
	at mavlc.syntax.module.Module.accept(Module.java:45)
	at mavlc.syntax.AstNode.accept(AstNode.java:46)
	at mavlc.Pipeline.lambda$compileProgramImpl$2(Pipeline.java:255)
	at java.base/java.security.AccessController.doPrivileged(AccessController.java:399)
	at mavlc.Pipeline.compileProgramImpl(Pipeline.java:253)
	at mavlc.Pipeline.compileProgram(Pipeline.java:158)
	at mavlc.testing.OutputCompareTest.run(OutputCompareTest.java:42)
	at mavlc.testing.BaseCompareTest.test(BaseCompareTest.java:56)
	at java.base/jdk.internal.reflect.NativeMethodAccessorImpl.invoke0(Native Method)
	at java.base/jdk.internal.reflect.NativeMethodAccessorImpl.invoke(NativeMethodAccessorImpl.java:77)
	at java.base/jdk.internal.reflect.DelegatingMethodAccessorImpl.invoke(DelegatingMethodAccessorImpl.java:43)
	at java.base/java.lang.reflect.Method.invoke(Method.java:569)
	at org.junit.runners.model.FrameworkMethod$1.runReflectiveCall(FrameworkMethod.java:59)
	at org.junit.internal.runners.model.ReflectiveCallable.run(ReflectiveCallable.java:12)
	at org.junit.runners.model.FrameworkMethod.invokeExplosively(FrameworkMethod.java:56)
	at org.junit.internal.runners.statements.InvokeMethod.evaluate(InvokeMethod.java:17)
	at org.junit.internal.runners.statements.FailOnTimeout$CallableStatement.call(FailOnTimeout.java:288)
	at org.junit.internal.runners.statements.FailOnTimeout$CallableStatement.call(FailOnTimeout.java:282)
	at java.base/java.util.concurrent.FutureTask.run(FutureTask.java:264)
	at java.base/java.lang.Thread.run(Thread.java:840)
</failure>
  </testcase>
  <testcase name="test[p3_public/task_4/lhs_out_4]" classname="mavlc.testing.OutputCompareTest" time="0.005">
    <failure message="java.lang.UnsupportedOperationException" type="java.lang.UnsupportedOperationException">java.lang.UnsupportedOperationException
	at mavlc.codegen.tam.CodeGenerator.visitVariableAssignment(CodeGenerator.java:113)
	at mavlc.codegen.tam.CodeGenerator.visitVariableAssignment(CodeGenerator.java:34)
	at mavlc.syntax.statement.VariableAssignment.accept(VariableAssignment.java:41)
	at mavlc.syntax.AstNode.accept(AstNode.java:46)
	at mavlc.codegen.tam.CodeGenerator.visit(CodeGenerator.java:56)
	at java.base/java.util.ArrayList.forEach(ArrayList.java:1511)
	at mavlc.codegen.tam.CodeGenerator.visitFunction(CodeGenerator.java:80)
	at mavlc.codegen.tam.CodeGenerator.visitFunction(CodeGenerator.java:34)
	at mavlc.syntax.function.Function.accept(Function.java:134)
	at mavlc.syntax.AstNode.accept(AstNode.java:46)
	at mavlc.codegen.tam.CodeGenerator.visit(CodeGenerator.java:56)
	at java.base/java.util.ArrayList.forEach(ArrayList.java:1511)
	at mavlc.codegen.tam.CodeGenerator.visitModule(CodeGenerator.java:63)
	at mavlc.codegen.tam.CodeGenerator.visitModule(CodeGenerator.java:34)
	at mavlc.syntax.module.Module.accept(Module.java:45)
	at mavlc.syntax.AstNode.accept(AstNode.java:46)
	at mavlc.Pipeline.lambda$compileProgramImpl$2(Pipeline.java:255)
	at java.base/java.security.AccessController.doPrivileged(AccessController.java:399)
	at mavlc.Pipeline.compileProgramImpl(Pipeline.java:253)
	at mavlc.Pipeline.compileProgram(Pipeline.java:158)
	at mavlc.testing.OutputCompareTest.run(OutputCompareTest.java:42)
	at mavlc.testing.BaseCompareTest.test(BaseCompareTest.java:56)
	at java.base/jdk.internal.reflect.NativeMethodAccessorImpl.invoke0(Native Method)
	at java.base/jdk.internal.reflect.NativeMethodAccessorImpl.invoke(NativeMethodAccessorImpl.java:77)
	at java.base/jdk.internal.reflect.DelegatingMethodAccessorImpl.invoke(DelegatingMethodAccessorImpl.java:43)
	at java.base/java.lang.reflect.Method.invoke(Method.java:569)
	at org.junit.runners.model.FrameworkMethod$1.runReflectiveCall(FrameworkMethod.java:59)
	at org.junit.internal.runners.model.ReflectiveCallable.run(ReflectiveCallable.java:12)
	at org.junit.runners.model.FrameworkMethod.invokeExplosively(FrameworkMethod.java:56)
	at org.junit.internal.runners.statements.InvokeMethod.evaluate(InvokeMethod.java:17)
	at org.junit.internal.runners.statements.FailOnTimeout$CallableStatement.call(FailOnTimeout.java:288)
	at org.junit.internal.runners.statements.FailOnTimeout$CallableStatement.call(FailOnTimeout.java:282)
	at java.base/java.util.concurrent.FutureTask.run(FutureTask.java:264)
	at java.base/java.lang.Thread.run(Thread.java:840)
</failure>
  </testcase>
  <testcase name="test[p3_public/task_4/vector_lhs_out_1]" classname="mavlc.testing.OutputCompareTest" time="0.004">
    <failure message="java.lang.UnsupportedOperationException" type="java.lang.UnsupportedOperationException">java.lang.UnsupportedOperationException
	at mavlc.codegen.tam.CodeGenerator.visitVariableAssignment(CodeGenerator.java:113)
	at mavlc.codegen.tam.CodeGenerator.visitVariableAssignment(CodeGenerator.java:34)
	at mavlc.syntax.statement.VariableAssignment.accept(VariableAssignment.java:41)
	at mavlc.syntax.AstNode.accept(AstNode.java:46)
	at mavlc.codegen.tam.CodeGenerator.visit(CodeGenerator.java:56)
	at java.base/java.util.ArrayList.forEach(ArrayList.java:1511)
	at mavlc.codegen.tam.CodeGenerator.visitFunction(CodeGenerator.java:80)
	at mavlc.codegen.tam.CodeGenerator.visitFunction(CodeGenerator.java:34)
	at mavlc.syntax.function.Function.accept(Function.java:134)
	at mavlc.syntax.AstNode.accept(AstNode.java:46)
	at mavlc.codegen.tam.CodeGenerator.visit(CodeGenerator.java:56)
	at java.base/java.util.ArrayList.forEach(ArrayList.java:1511)
	at mavlc.codegen.tam.CodeGenerator.visitModule(CodeGenerator.java:63)
	at mavlc.codegen.tam.CodeGenerator.visitModule(CodeGenerator.java:34)
	at mavlc.syntax.module.Module.accept(Module.java:45)
	at mavlc.syntax.AstNode.accept(AstNode.java:46)
	at mavlc.Pipeline.lambda$compileProgramImpl$2(Pipeline.java:255)
	at java.base/java.security.AccessController.doPrivileged(AccessController.java:399)
	at mavlc.Pipeline.compileProgramImpl(Pipeline.java:253)
	at mavlc.Pipeline.compileProgram(Pipeline.java:158)
	at mavlc.testing.OutputCompareTest.run(OutputCompareTest.java:42)
	at mavlc.testing.BaseCompareTest.test(BaseCompareTest.java:56)
	at java.base/jdk.internal.reflect.NativeMethodAccessorImpl.invoke0(Native Method)
	at java.base/jdk.internal.reflect.NativeMethodAccessorImpl.invoke(NativeMethodAccessorImpl.java:77)
	at java.base/jdk.internal.reflect.DelegatingMethodAccessorImpl.invoke(DelegatingMethodAccessorImpl.java:43)
	at java.base/java.lang.reflect.Method.invoke(Method.java:569)
	at org.junit.runners.model.FrameworkMethod$1.runReflectiveCall(FrameworkMethod.java:59)
	at org.junit.internal.runners.model.ReflectiveCallable.run(ReflectiveCallable.java:12)
	at org.junit.runners.model.FrameworkMethod.invokeExplosively(FrameworkMethod.java:56)
	at org.junit.internal.runners.statements.InvokeMethod.evaluate(InvokeMethod.java:17)
	at org.junit.internal.runners.statements.FailOnTimeout$CallableStatement.call(FailOnTimeout.java:288)
	at org.junit.internal.runners.statements.FailOnTimeout$CallableStatement.call(FailOnTimeout.java:282)
	at java.base/java.util.concurrent.FutureTask.run(FutureTask.java:264)
	at java.base/java.lang.Thread.run(Thread.java:840)
</failure>
  </testcase>
  <testcase name="test[p3_public/task_3/compound_out_1]" classname="mavlc.testing.OutputCompareTest" time="0.005">
    <failure message="java.lang.UnsupportedOperationException" type="java.lang.UnsupportedOperationException">java.lang.UnsupportedOperationException
	at mavlc.codegen.tam.CodeGenerator.visitCompoundStatement(CodeGenerator.java:334)
	at mavlc.codegen.tam.CodeGenerator.visitCompoundStatement(CodeGenerator.java:34)
	at mavlc.syntax.statement.CompoundStatement.accept(CompoundStatement.java:38)
	at mavlc.syntax.AstNode.accept(AstNode.java:46)
	at mavlc.codegen.tam.CodeGenerator.visit(CodeGenerator.java:56)
	at java.base/java.util.ArrayList.forEach(ArrayList.java:1511)
	at mavlc.codegen.tam.CodeGenerator.visitFunction(CodeGenerator.java:80)
	at mavlc.codegen.tam.CodeGenerator.visitFunction(CodeGenerator.java:34)
	at mavlc.syntax.function.Function.accept(Function.java:134)
	at mavlc.syntax.AstNode.accept(AstNode.java:46)
	at mavlc.codegen.tam.CodeGenerator.visit(CodeGenerator.java:56)
	at java.base/java.util.ArrayList.forEach(ArrayList.java:1511)
	at mavlc.codegen.tam.CodeGenerator.visitModule(CodeGenerator.java:63)
	at mavlc.codegen.tam.CodeGenerator.visitModule(CodeGenerator.java:34)
	at mavlc.syntax.module.Module.accept(Module.java:45)
	at mavlc.syntax.AstNode.accept(AstNode.java:46)
	at mavlc.Pipeline.lambda$compileProgramImpl$2(Pipeline.java:255)
	at java.base/java.security.AccessController.doPrivileged(AccessController.java:399)
	at mavlc.Pipeline.compileProgramImpl(Pipeline.java:253)
	at mavlc.Pipeline.compileProgram(Pipeline.java:158)
	at mavlc.testing.OutputCompareTest.run(OutputCompareTest.java:42)
	at mavlc.testing.BaseCompareTest.test(BaseCompareTest.java:56)
	at java.base/jdk.internal.reflect.NativeMethodAccessorImpl.invoke0(Native Method)
	at java.base/jdk.internal.reflect.NativeMethodAccessorImpl.invoke(NativeMethodAccessorImpl.java:77)
	at java.base/jdk.internal.reflect.DelegatingMethodAccessorImpl.invoke(DelegatingMethodAccessorImpl.java:43)
	at java.base/java.lang.reflect.Method.invoke(Method.java:569)
	at org.junit.runners.model.FrameworkMethod$1.runReflectiveCall(FrameworkMethod.java:59)
	at org.junit.internal.runners.model.ReflectiveCallable.run(ReflectiveCallable.java:12)
	at org.junit.runners.model.FrameworkMethod.invokeExplosively(FrameworkMethod.java:56)
	at org.junit.internal.runners.statements.InvokeMethod.evaluate(InvokeMethod.java:17)
	at org.junit.internal.runners.statements.FailOnTimeout$CallableStatement.call(FailOnTimeout.java:288)
	at org.junit.internal.runners.statements.FailOnTimeout$CallableStatement.call(FailOnTimeout.java:282)
	at java.base/java.util.concurrent.FutureTask.run(FutureTask.java:264)
	at java.base/java.lang.Thread.run(Thread.java:840)
</failure>
  </testcase>
  <testcase name="test[p3_public/task_3/compound_out_3]" classname="mavlc.testing.OutputCompareTest" time="0.007">
    <failure message="java.lang.UnsupportedOperationException" type="java.lang.UnsupportedOperationException">java.lang.UnsupportedOperationException
	at mavlc.codegen.tam.CodeGenerator.visitCompoundStatement(CodeGenerator.java:334)
	at mavlc.codegen.tam.CodeGenerator.visitCompoundStatement(CodeGenerator.java:34)
	at mavlc.syntax.statement.CompoundStatement.accept(CompoundStatement.java:38)
	at mavlc.syntax.AstNode.accept(AstNode.java:46)
	at mavlc.codegen.tam.CodeGenerator.visit(CodeGenerator.java:56)
	at java.base/java.util.ArrayList.forEach(ArrayList.java:1511)
	at mavlc.codegen.tam.CodeGenerator.visitFunction(CodeGenerator.java:80)
	at mavlc.codegen.tam.CodeGenerator.visitFunction(CodeGenerator.java:34)
	at mavlc.syntax.function.Function.accept(Function.java:134)
	at mavlc.syntax.AstNode.accept(AstNode.java:46)
	at mavlc.codegen.tam.CodeGenerator.visit(CodeGenerator.java:56)
	at java.base/java.util.ArrayList.forEach(ArrayList.java:1511)
	at mavlc.codegen.tam.CodeGenerator.visitModule(CodeGenerator.java:63)
	at mavlc.codegen.tam.CodeGenerator.visitModule(CodeGenerator.java:34)
	at mavlc.syntax.module.Module.accept(Module.java:45)
	at mavlc.syntax.AstNode.accept(AstNode.java:46)
	at mavlc.Pipeline.lambda$compileProgramImpl$2(Pipeline.java:255)
	at java.base/java.security.AccessController.doPrivileged(AccessController.java:399)
	at mavlc.Pipeline.compileProgramImpl(Pipeline.java:253)
	at mavlc.Pipeline.compileProgram(Pipeline.java:158)
	at mavlc.testing.OutputCompareTest.run(OutputCompareTest.java:42)
	at mavlc.testing.BaseCompareTest.test(BaseCompareTest.java:56)
	at java.base/jdk.internal.reflect.NativeMethodAccessorImpl.invoke0(Native Method)
	at java.base/jdk.internal.reflect.NativeMethodAccessorImpl.invoke(NativeMethodAccessorImpl.java:77)
	at java.base/jdk.internal.reflect.DelegatingMethodAccessorImpl.invoke(DelegatingMethodAccessorImpl.java:43)
	at java.base/java.lang.reflect.Method.invoke(Method.java:569)
	at org.junit.runners.model.FrameworkMethod$1.runReflectiveCall(FrameworkMethod.java:59)
	at org.junit.internal.runners.model.ReflectiveCallable.run(ReflectiveCallable.java:12)
	at org.junit.runners.model.FrameworkMethod.invokeExplosively(FrameworkMethod.java:56)
	at org.junit.internal.runners.statements.InvokeMethod.evaluate(InvokeMethod.java:17)
	at org.junit.internal.runners.statements.FailOnTimeout$CallableStatement.call(FailOnTimeout.java:288)
	at org.junit.internal.runners.statements.FailOnTimeout$CallableStatement.call(FailOnTimeout.java:282)
	at java.base/java.util.concurrent.FutureTask.run(FutureTask.java:264)
	at java.base/java.lang.Thread.run(Thread.java:840)
</failure>
  </testcase>
  <testcase name="test[p3_public/task_2/matrix_mul_out_1]" classname="mavlc.testing.OutputCompareTest" time="0.005">
    <failure message="java.lang.UnsupportedOperationException" type="java.lang.UnsupportedOperationException">java.lang.UnsupportedOperationException
	at mavlc.codegen.tam.CodeGenerator.visitIntValue(CodeGenerator.java:934)
	at mavlc.codegen.tam.CodeGenerator.visitIntValue(CodeGenerator.java:34)
	at mavlc.syntax.expression.IntValue.accept(IntValue.java:40)
	at mavlc.syntax.AstNode.accept(AstNode.java:46)
	at mavlc.codegen.tam.CodeGenerator.visit(CodeGenerator.java:56)
	at mavlc.codegen.tam.CodeGenerator.visitValueDefinition(CodeGenerator.java:90)
	at mavlc.codegen.tam.CodeGenerator.visitValueDefinition(CodeGenerator.java:34)
	at mavlc.syntax.statement.ValueDefinition.accept(ValueDefinition.java:46)
	at mavlc.syntax.AstNode.accept(AstNode.java:46)
	at mavlc.codegen.tam.CodeGenerator.visit(CodeGenerator.java:56)
	at java.base/java.util.ArrayList.forEach(ArrayList.java:1511)
	at mavlc.codegen.tam.CodeGenerator.visitFunction(CodeGenerator.java:80)
	at mavlc.codegen.tam.CodeGenerator.visitFunction(CodeGenerator.java:34)
	at mavlc.syntax.function.Function.accept(Function.java:134)
	at mavlc.syntax.AstNode.accept(AstNode.java:46)
	at mavlc.codegen.tam.CodeGenerator.visit(CodeGenerator.java:56)
	at java.base/java.util.ArrayList.forEach(ArrayList.java:1511)
	at mavlc.codegen.tam.CodeGenerator.visitModule(CodeGenerator.java:63)
	at mavlc.codegen.tam.CodeGenerator.visitModule(CodeGenerator.java:34)
	at mavlc.syntax.module.Module.accept(Module.java:45)
	at mavlc.syntax.AstNode.accept(AstNode.java:46)
	at mavlc.Pipeline.lambda$compileProgramImpl$2(Pipeline.java:255)
	at java.base/java.security.AccessController.doPrivileged(AccessController.java:399)
	at mavlc.Pipeline.compileProgramImpl(Pipeline.java:253)
	at mavlc.Pipeline.compileProgram(Pipeline.java:158)
	at mavlc.testing.OutputCompareTest.run(OutputCompareTest.java:42)
	at mavlc.testing.BaseCompareTest.test(BaseCompareTest.java:56)
	at jdk.internal.reflect.GeneratedMethodAccessor2.invoke(Unknown Source)
	at java.base/jdk.internal.reflect.DelegatingMethodAccessorImpl.invoke(DelegatingMethodAccessorImpl.java:43)
	at java.base/java.lang.reflect.Method.invoke(Method.java:569)
	at org.junit.runners.model.FrameworkMethod$1.runReflectiveCall(FrameworkMethod.java:59)
	at org.junit.internal.runners.model.ReflectiveCallable.run(ReflectiveCallable.java:12)
	at org.junit.runners.model.FrameworkMethod.invokeExplosively(FrameworkMethod.java:56)
	at org.junit.internal.runners.statements.InvokeMethod.evaluate(InvokeMethod.java:17)
	at org.junit.internal.runners.statements.FailOnTimeout$CallableStatement.call(FailOnTimeout.java:288)
	at org.junit.internal.runners.statements.FailOnTimeout$CallableStatement.call(FailOnTimeout.java:282)
	at java.base/java.util.concurrent.FutureTask.run(FutureTask.java:264)
	at java.base/java.lang.Thread.run(Thread.java:840)
</failure>
  </testcase>
  <testcase name="test[p3_public/task_5/foreach_out_3]" classname="mavlc.testing.OutputCompareTest" time="0.004">
    <failure message="java.lang.UnsupportedOperationException" type="java.lang.UnsupportedOperationException">java.lang.UnsupportedOperationException
	at mavlc.codegen.tam.CodeGenerator.visitVariableAssignment(CodeGenerator.java:113)
	at mavlc.codegen.tam.CodeGenerator.visitVariableAssignment(CodeGenerator.java:34)
	at mavlc.syntax.statement.VariableAssignment.accept(VariableAssignment.java:41)
	at mavlc.syntax.AstNode.accept(AstNode.java:46)
	at mavlc.codegen.tam.CodeGenerator.visit(CodeGenerator.java:56)
	at java.base/java.util.ArrayList.forEach(ArrayList.java:1511)
	at mavlc.codegen.tam.CodeGenerator.visitFunction(CodeGenerator.java:80)
	at mavlc.codegen.tam.CodeGenerator.visitFunction(CodeGenerator.java:34)
	at mavlc.syntax.function.Function.accept(Function.java:134)
	at mavlc.syntax.AstNode.accept(AstNode.java:46)
	at mavlc.codegen.tam.CodeGenerator.visit(CodeGenerator.java:56)
	at java.base/java.util.ArrayList.forEach(ArrayList.java:1511)
	at mavlc.codegen.tam.CodeGenerator.visitModule(CodeGenerator.java:63)
	at mavlc.codegen.tam.CodeGenerator.visitModule(CodeGenerator.java:34)
	at mavlc.syntax.module.Module.accept(Module.java:45)
	at mavlc.syntax.AstNode.accept(AstNode.java:46)
	at mavlc.Pipeline.lambda$compileProgramImpl$2(Pipeline.java:255)
	at java.base/java.security.AccessController.doPrivileged(AccessController.java:399)
	at mavlc.Pipeline.compileProgramImpl(Pipeline.java:253)
	at mavlc.Pipeline.compileProgram(Pipeline.java:158)
	at mavlc.testing.OutputCompareTest.run(OutputCompareTest.java:42)
	at mavlc.testing.BaseCompareTest.test(BaseCompareTest.java:56)
	at jdk.internal.reflect.GeneratedMethodAccessor2.invoke(Unknown Source)
	at java.base/jdk.internal.reflect.DelegatingMethodAccessorImpl.invoke(DelegatingMethodAccessorImpl.java:43)
	at java.base/java.lang.reflect.Method.invoke(Method.java:569)
	at org.junit.runners.model.FrameworkMethod$1.runReflectiveCall(FrameworkMethod.java:59)
	at org.junit.internal.runners.model.ReflectiveCallable.run(ReflectiveCallable.java:12)
	at org.junit.runners.model.FrameworkMethod.invokeExplosively(FrameworkMethod.java:56)
	at org.junit.internal.runners.statements.InvokeMethod.evaluate(InvokeMethod.java:17)
	at org.junit.internal.runners.statements.FailOnTimeout$CallableStatement.call(FailOnTimeout.java:288)
	at org.junit.internal.runners.statements.FailOnTimeout$CallableStatement.call(FailOnTimeout.java:282)
	at java.base/java.util.concurrent.FutureTask.run(FutureTask.java:264)
	at java.base/java.lang.Thread.run(Thread.java:840)
</failure>
  </testcase>
  <testcase name="test[p3_public/task_5/foreach_out_6]" classname="mavlc.testing.OutputCompareTest" time="0.005">
    <failure message="java.lang.UnsupportedOperationException" type="java.lang.UnsupportedOperationException">java.lang.UnsupportedOperationException
	at mavlc.codegen.tam.CodeGenerator.visitVariableAssignment(CodeGenerator.java:113)
	at mavlc.codegen.tam.CodeGenerator.visitVariableAssignment(CodeGenerator.java:34)
	at mavlc.syntax.statement.VariableAssignment.accept(VariableAssignment.java:41)
	at mavlc.syntax.AstNode.accept(AstNode.java:46)
	at mavlc.codegen.tam.CodeGenerator.visit(CodeGenerator.java:56)
	at java.base/java.util.ArrayList.forEach(ArrayList.java:1511)
	at mavlc.codegen.tam.CodeGenerator.visitFunction(CodeGenerator.java:80)
	at mavlc.codegen.tam.CodeGenerator.visitFunction(CodeGenerator.java:34)
	at mavlc.syntax.function.Function.accept(Function.java:134)
	at mavlc.syntax.AstNode.accept(AstNode.java:46)
	at mavlc.codegen.tam.CodeGenerator.visit(CodeGenerator.java:56)
	at java.base/java.util.ArrayList.forEach(ArrayList.java:1511)
	at mavlc.codegen.tam.CodeGenerator.visitModule(CodeGenerator.java:63)
	at mavlc.codegen.tam.CodeGenerator.visitModule(CodeGenerator.java:34)
	at mavlc.syntax.module.Module.accept(Module.java:45)
	at mavlc.syntax.AstNode.accept(AstNode.java:46)
	at mavlc.Pipeline.lambda$compileProgramImpl$2(Pipeline.java:255)
	at java.base/java.security.AccessController.doPrivileged(AccessController.java:399)
	at mavlc.Pipeline.compileProgramImpl(Pipeline.java:253)
	at mavlc.Pipeline.compileProgram(Pipeline.java:158)
	at mavlc.testing.OutputCompareTest.run(OutputCompareTest.java:42)
	at mavlc.testing.BaseCompareTest.test(BaseCompareTest.java:56)
	at jdk.internal.reflect.GeneratedMethodAccessor2.invoke(Unknown Source)
	at java.base/jdk.internal.reflect.DelegatingMethodAccessorImpl.invoke(DelegatingMethodAccessorImpl.java:43)
	at java.base/java.lang.reflect.Method.invoke(Method.java:569)
	at org.junit.runners.model.FrameworkMethod$1.runReflectiveCall(FrameworkMethod.java:59)
	at org.junit.internal.runners.model.ReflectiveCallable.run(ReflectiveCallable.java:12)
	at org.junit.runners.model.FrameworkMethod.invokeExplosively(FrameworkMethod.java:56)
	at org.junit.internal.runners.statements.InvokeMethod.evaluate(InvokeMethod.java:17)
	at org.junit.internal.runners.statements.FailOnTimeout$CallableStatement.call(FailOnTimeout.java:288)
	at org.junit.internal.runners.statements.FailOnTimeout$CallableStatement.call(FailOnTimeout.java:282)
	at java.base/java.util.concurrent.FutureTask.run(FutureTask.java:264)
	at java.base/java.lang.Thread.run(Thread.java:840)
</failure>
  </testcase>
  <testcase name="test[p3_public/task_5/foreach_out_7]" classname="mavlc.testing.OutputCompareTest" time="0.004">
    <failure message="java.lang.UnsupportedOperationException" type="java.lang.UnsupportedOperationException">java.lang.UnsupportedOperationException
	at mavlc.codegen.tam.CodeGenerator.visitVariableAssignment(CodeGenerator.java:113)
	at mavlc.codegen.tam.CodeGenerator.visitVariableAssignment(CodeGenerator.java:34)
	at mavlc.syntax.statement.VariableAssignment.accept(VariableAssignment.java:41)
	at mavlc.syntax.AstNode.accept(AstNode.java:46)
	at mavlc.codegen.tam.CodeGenerator.visit(CodeGenerator.java:56)
	at java.base/java.util.ArrayList.forEach(ArrayList.java:1511)
	at mavlc.codegen.tam.CodeGenerator.visitFunction(CodeGenerator.java:80)
	at mavlc.codegen.tam.CodeGenerator.visitFunction(CodeGenerator.java:34)
	at mavlc.syntax.function.Function.accept(Function.java:134)
	at mavlc.syntax.AstNode.accept(AstNode.java:46)
	at mavlc.codegen.tam.CodeGenerator.visit(CodeGenerator.java:56)
	at java.base/java.util.ArrayList.forEach(ArrayList.java:1511)
	at mavlc.codegen.tam.CodeGenerator.visitModule(CodeGenerator.java:63)
	at mavlc.codegen.tam.CodeGenerator.visitModule(CodeGenerator.java:34)
	at mavlc.syntax.module.Module.accept(Module.java:45)
	at mavlc.syntax.AstNode.accept(AstNode.java:46)
	at mavlc.Pipeline.lambda$compileProgramImpl$2(Pipeline.java:255)
	at java.base/java.security.AccessController.doPrivileged(AccessController.java:399)
	at mavlc.Pipeline.compileProgramImpl(Pipeline.java:253)
	at mavlc.Pipeline.compileProgram(Pipeline.java:158)
	at mavlc.testing.OutputCompareTest.run(OutputCompareTest.java:42)
	at mavlc.testing.BaseCompareTest.test(BaseCompareTest.java:56)
	at jdk.internal.reflect.GeneratedMethodAccessor2.invoke(Unknown Source)
	at java.base/jdk.internal.reflect.DelegatingMethodAccessorImpl.invoke(DelegatingMethodAccessorImpl.java:43)
	at java.base/java.lang.reflect.Method.invoke(Method.java:569)
	at org.junit.runners.model.FrameworkMethod$1.runReflectiveCall(FrameworkMethod.java:59)
	at org.junit.internal.runners.model.ReflectiveCallable.run(ReflectiveCallable.java:12)
	at org.junit.runners.model.FrameworkMethod.invokeExplosively(FrameworkMethod.java:56)
	at org.junit.internal.runners.statements.InvokeMethod.evaluate(InvokeMethod.java:17)
	at org.junit.internal.runners.statements.FailOnTimeout$CallableStatement.call(FailOnTimeout.java:288)
	at org.junit.internal.runners.statements.FailOnTimeout$CallableStatement.call(FailOnTimeout.java:282)
	at java.base/java.util.concurrent.FutureTask.run(FutureTask.java:264)
	at java.base/java.lang.Thread.run(Thread.java:840)
</failure>
  </testcase>
  <system-out><![CDATA[=== Running test case p3_public/task_7/elem_sel_out_4 ===

=== Running test case p3_public/task_7/elem_sel_out_3 ===

=== Running test case p3_public/task_7/elem_sel_out_6 ===

=== Running test case p3_public/task_7/elem_sel_out_7 ===

=== Running test case p3_public/task_6/record_select_out_5 ===

=== Running test case p3_public/task_6/record_select_out_4 ===

=== Running test case p3_public/task_6/record_select_out_2 ===

=== Running test case p3_public/task_1/gcd ===

=== Running test case p3_public/task_1/fibonacci ===

=== Running test case p3_public/task_4/record_lhs_out_2 ===

=== Running test case p3_public/task_4/matrix_lhs_out_2 ===

=== Running test case p3_public/task_4/lhs_out_3 ===

=== Running test case p3_public/task_4/lhs_out_4 ===

=== Running test case p3_public/task_4/vector_lhs_out_1 ===

=== Running test case p3_public/task_3/compound_out_1 ===

=== Running test case p3_public/task_3/compound_out_3 ===

=== Running test case p3_public/task_2/matrix_mul_out_1 ===

=== Running test case p3_public/task_5/foreach_out_3 ===

=== Running test case p3_public/task_5/foreach_out_6 ===

=== Running test case p3_public/task_5/foreach_out_7 ===

]]></system-out>
  <system-err><![CDATA[]]></system-err>
</testsuite>
